$ bun tools/habitat/bin/dev.ts check --rule grit-studio-run-generator-port-boundary --json
{
  "schemaVersion": 1,
  "command": "habitat check --rule grit-studio-run-generator-port-boundary --json",
  "startedAt": "2026-07-08T03:20:22.103Z",
  "ok": true,
  "rules": [
    {
      "ruleId": "grit-studio-run-generator-port-boundary",
      "runner": "grit",
      "lane": "enforced",
      "status": "pass",
      "locked": true,
      "durationMs": 306,
      "diagnostics": [],
      "message": "Studio Run in Game generator port boundary drifted.",
      "remediate": "Keep generateRunInGameMod as the only Studio generator port, call it with the StudioRunGenerationManifestReference, and implement the app port by invoking the Swooper manifest generator from generationManifest.path."
    }
  ]
}
