
===== classify packages/studio-server/src/workflows/RunInGameWorkflow.ts =====
$ bun tools/habitat/bin/dev.ts classify packages/studio-server/src/workflows/RunInGameWorkflow.ts
{
  "schemaVersion": 1,
  "state": "project-path",
  "input": "packages/studio-server/src/workflows/RunInGameWorkflow.ts",
  "path": "packages/studio-server/src/workflows/RunInGameWorkflow.ts",
  "owner": {
    "project": "control-studio-server",
    "projectRoot": "packages/studio-server",
    "tags": [
      "npm:private",
      "kind:control"
    ]
  },
  "ruleRouting": [
    {
      "ruleId": "enforce_adapter_only_base_standard_imports",
      "runner": "grit",
      "ownerProject": "habitat",
      "coverageKind": "exact-path",
      "reason": "Path matches rule pathCoverage pattern packages/**/*.ts."
    },
    {
      "ruleId": "enforce_formatting_and_import_hygiene",
      "runner": "habitat",
      "ownerProject": "habitat",
      "coverageKind": "workspace-gate",
      "reason": "Workspace-level Habitat gate relevant beyond a single owning project."
    },
    {
      "ruleId": "enforce_workspace_import_boundaries",
      "runner": "nx",
      "ownerProject": "habitat",
      "coverageKind": "workspace-gate",
      "reason": "Workspace-level Habitat gate relevant beyond a single owning project."
    },
    {
      "ruleId": "grit-studio-run-generator-port-boundary",
      "runner": "grit",
      "ownerProject": "mapgen-studio",
      "coverageKind": "exact-path",
      "reason": "Path matches rule pathCoverage pattern packages/studio-server/src/workflows/RunInGameWorkflow.ts."
    },
    {
      "ruleId": "prohibit_pnpm_files_in_bun_workspace",
      "runner": "habitat",
      "ownerProject": "habitat",
      "coverageKind": "workspace-gate",
      "reason": "Workspace-level Habitat gate relevant beyond a single owning project."
    },
    {
      "ruleId": "require_owner_workflow_for_host_protected_surfaces",
      "runner": "habitat",
      "ownerProject": "habitat",
      "coverageKind": "workspace-gate",
      "reason": "Workspace-level Habitat gate relevant beyond a single owning project."
    },
    {
      "ruleId": "require_sanctioned_direct_control_session_owners",
      "runner": "grit",
      "ownerProject": "habitat",
      "coverageKind": "exact-path",
      "reason": "Path matches rule pathCoverage pattern packages/**/*.ts."
    }
  ],
  "runnableTargets": [
    {
      "command": "nx run control-studio-server:check",
      "owner": "project",
      "project": "control-studio-server",
      "target": "check",
      "source": {
        "kind": "nx-project-graph",
        "project": "control-studio-server",
        "target": "check"
      }
    },
    {
      "command": "nx run control-studio-server:test",
      "owner": "project",
      "project": "control-studio-server",
      "target": "test",
      "source": {
        "kind": "nx-project-graph",
        "project": "control-studio-server",
        "target": "test"
      }
    },
    {
      "command": "bun run lint",
      "owner": "workspace",
      "project": null,
      "target": "lint",
      "source": {
        "kind": "workspace-graph",
        "target": "lint",
        "reason": "aggregate target from workspace graph"
      }
    }
  ],
  "unavailableTargets": [],
  "recoveryInstructions": []
}

===== classify packages/studio-server/src/ports/RunInGameArtifactGenerator.ts =====
$ bun tools/habitat/bin/dev.ts classify packages/studio-server/src/ports/RunInGameArtifactGenerator.ts
{
  "schemaVersion": 1,
  "state": "project-path",
  "input": "packages/studio-server/src/ports/RunInGameArtifactGenerator.ts",
  "path": "packages/studio-server/src/ports/RunInGameArtifactGenerator.ts",
  "owner": {
    "project": "control-studio-server",
    "projectRoot": "packages/studio-server",
    "tags": [
      "npm:private",
      "kind:control"
    ]
  },
  "ruleRouting": [
    {
      "ruleId": "enforce_adapter_only_base_standard_imports",
      "runner": "grit",
      "ownerProject": "habitat",
      "coverageKind": "exact-path",
      "reason": "Path matches rule pathCoverage pattern packages/**/*.ts."
    },
    {
      "ruleId": "enforce_formatting_and_import_hygiene",
      "runner": "habitat",
      "ownerProject": "habitat",
      "coverageKind": "workspace-gate",
      "reason": "Workspace-level Habitat gate relevant beyond a single owning project."
    },
    {
      "ruleId": "enforce_workspace_import_boundaries",
      "runner": "nx",
      "ownerProject": "habitat",
      "coverageKind": "workspace-gate",
      "reason": "Workspace-level Habitat gate relevant beyond a single owning project."
    },
    {
      "ruleId": "grit-studio-run-generator-port-boundary",
      "runner": "grit",
      "ownerProject": "mapgen-studio",
      "coverageKind": "exact-path",
      "reason": "Path matches rule pathCoverage pattern packages/studio-server/src/ports/RunInGameArtifactGenerator.ts."
    },
    {
      "ruleId": "prohibit_pnpm_files_in_bun_workspace",
      "runner": "habitat",
      "ownerProject": "habitat",
      "coverageKind": "workspace-gate",
      "reason": "Workspace-level Habitat gate relevant beyond a single owning project."
    },
    {
      "ruleId": "require_owner_workflow_for_host_protected_surfaces",
      "runner": "habitat",
      "ownerProject": "habitat",
      "coverageKind": "workspace-gate",
      "reason": "Workspace-level Habitat gate relevant beyond a single owning project."
    },
    {
      "ruleId": "require_sanctioned_direct_control_session_owners",
      "runner": "grit",
      "ownerProject": "habitat",
      "coverageKind": "exact-path",
      "reason": "Path matches rule pathCoverage pattern packages/**/*.ts."
    }
  ],
  "runnableTargets": [
    {
      "command": "nx run control-studio-server:check",
      "owner": "project",
      "project": "control-studio-server",
      "target": "check",
      "source": {
        "kind": "nx-project-graph",
        "project": "control-studio-server",
        "target": "check"
      }
    },
    {
      "command": "nx run control-studio-server:test",
      "owner": "project",
      "project": "control-studio-server",
      "target": "test",
      "source": {
        "kind": "nx-project-graph",
        "project": "control-studio-server",
        "target": "test"
      }
    },
    {
      "command": "bun run lint",
      "owner": "workspace",
      "project": null,
      "target": "lint",
      "source": {
        "kind": "workspace-graph",
        "target": "lint",
        "reason": "aggregate target from workspace graph"
      }
    }
  ],
  "unavailableTargets": [],
  "recoveryInstructions": []
}

===== classify packages/studio-server/src/ports/workflowTypes.ts =====
$ bun tools/habitat/bin/dev.ts classify packages/studio-server/src/ports/workflowTypes.ts
{
  "schemaVersion": 1,
  "state": "project-path",
  "input": "packages/studio-server/src/ports/workflowTypes.ts",
  "path": "packages/studio-server/src/ports/workflowTypes.ts",
  "owner": {
    "project": "control-studio-server",
    "projectRoot": "packages/studio-server",
    "tags": [
      "npm:private",
      "kind:control"
    ]
  },
  "ruleRouting": [
    {
      "ruleId": "enforce_adapter_only_base_standard_imports",
      "runner": "grit",
      "ownerProject": "habitat",
      "coverageKind": "exact-path",
      "reason": "Path matches rule pathCoverage pattern packages/**/*.ts."
    },
    {
      "ruleId": "enforce_formatting_and_import_hygiene",
      "runner": "habitat",
      "ownerProject": "habitat",
      "coverageKind": "workspace-gate",
      "reason": "Workspace-level Habitat gate relevant beyond a single owning project."
    },
    {
      "ruleId": "enforce_workspace_import_boundaries",
      "runner": "nx",
      "ownerProject": "habitat",
      "coverageKind": "workspace-gate",
      "reason": "Workspace-level Habitat gate relevant beyond a single owning project."
    },
    {
      "ruleId": "prohibit_pnpm_files_in_bun_workspace",
      "runner": "habitat",
      "ownerProject": "habitat",
      "coverageKind": "workspace-gate",
      "reason": "Workspace-level Habitat gate relevant beyond a single owning project."
    },
    {
      "ruleId": "require_owner_workflow_for_host_protected_surfaces",
      "runner": "habitat",
      "ownerProject": "habitat",
      "coverageKind": "workspace-gate",
      "reason": "Workspace-level Habitat gate relevant beyond a single owning project."
    },
    {
      "ruleId": "require_sanctioned_direct_control_session_owners",
      "runner": "grit",
      "ownerProject": "habitat",
      "coverageKind": "exact-path",
      "reason": "Path matches rule pathCoverage pattern packages/**/*.ts."
    }
  ],
  "runnableTargets": [
    {
      "command": "nx run control-studio-server:check",
      "owner": "project",
      "project": "control-studio-server",
      "target": "check",
      "source": {
        "kind": "nx-project-graph",
        "project": "control-studio-server",
        "target": "check"
      }
    },
    {
      "command": "nx run control-studio-server:test",
      "owner": "project",
      "project": "control-studio-server",
      "target": "test",
      "source": {
        "kind": "nx-project-graph",
        "project": "control-studio-server",
        "target": "test"
      }
    },
    {
      "command": "bun run lint",
      "owner": "workspace",
      "project": null,
      "target": "lint",
      "source": {
        "kind": "workspace-graph",
        "target": "lint",
        "reason": "aggregate target from workspace graph"
      }
    }
  ],
  "unavailableTargets": [],
  "recoveryInstructions": []
}

===== classify apps/mapgen-studio/src/server/studio/engines.ts =====
$ bun tools/habitat/bin/dev.ts classify apps/mapgen-studio/src/server/studio/engines.ts
{
  "schemaVersion": 1,
  "state": "project-path",
  "input": "apps/mapgen-studio/src/server/studio/engines.ts",
  "path": "apps/mapgen-studio/src/server/studio/engines.ts",
  "owner": {
    "project": "mapgen-studio",
    "projectRoot": "apps/mapgen-studio",
    "tags": [
      "npm:private",
      "kind:app"
    ]
  },
  "ruleRouting": [
    {
      "ruleId": "enforce_formatting_and_import_hygiene",
      "runner": "habitat",
      "ownerProject": "habitat",
      "coverageKind": "workspace-gate",
      "reason": "Workspace-level Habitat gate relevant beyond a single owning project."
    },
    {
      "ruleId": "enforce_studio_dev_runner_topology",
      "runner": "habitat",
      "ownerProject": "mapgen-studio",
      "coverageKind": "project-owner",
      "reason": "Rule owner project matches mapgen-studio."
    },
    {
      "ruleId": "enforce_studio_rpc_eventhub_topology",
      "runner": "habitat",
      "ownerProject": "mapgen-studio",
      "coverageKind": "project-owner",
      "reason": "Rule owner project matches mapgen-studio."
    },
    {
      "ruleId": "enforce_workspace_import_boundaries",
      "runner": "nx",
      "ownerProject": "habitat",
      "coverageKind": "workspace-gate",
      "reason": "Workspace-level Habitat gate relevant beyond a single owning project."
    },
    {
      "ruleId": "ensure_studio_worker_bundle_is_browser_safe",
      "runner": "habitat",
      "ownerProject": "mapgen-studio",
      "coverageKind": "project-owner",
      "reason": "Rule owner project matches mapgen-studio."
    },
    {
      "ruleId": "grit-studio-run-cancel-command-owner",
      "runner": "grit",
      "ownerProject": "mapgen-studio",
      "coverageKind": "project-owner",
      "reason": "Rule owner project matches mapgen-studio."
    },
    {
      "ruleId": "grit-studio-run-generator-port-boundary",
      "runner": "grit",
      "ownerProject": "mapgen-studio",
      "coverageKind": "exact-path",
      "reason": "Path matches rule pathCoverage pattern apps/mapgen-studio/src/server/studio/engines.ts."
    },
    {
      "ruleId": "grit-studio-run-launch-source-boundary",
      "runner": "grit",
      "ownerProject": "mapgen-studio",
      "coverageKind": "project-owner",
      "reason": "Rule owner project matches mapgen-studio."
    },
    {
      "ruleId": "grit-studio-run-operation-identity-owner",
      "runner": "grit",
      "ownerProject": "mapgen-studio",
      "coverageKind": "project-owner",
      "reason": "Rule owner project matches mapgen-studio."
    },
    {
      "ruleId": "grit-studio-run-public-contract-closed",
      "runner": "grit",
      "ownerProject": "mapgen-studio",
      "coverageKind": "project-owner",
      "reason": "Rule owner project matches mapgen-studio."
    },
    {
      "ruleId": "prohibit_pnpm_files_in_bun_workspace",
      "runner": "habitat",
      "ownerProject": "habitat",
      "coverageKind": "workspace-gate",
      "reason": "Workspace-level Habitat gate relevant beyond a single owning project."
    },
    {
      "ruleId": "prohibit_recipe_dag_runtime_source_dependencies",
      "runner": "grit",
      "ownerProject": "mapgen-studio",
      "coverageKind": "project-owner",
      "reason": "Rule owner project matches mapgen-studio."
    },
    {
      "ruleId": "prohibit_studio_rpc_eventhub_lifecycle_leaks",
      "runner": "grit",
      "ownerProject": "mapgen-studio",
      "coverageKind": "project-owner",
      "reason": "Rule owner project matches mapgen-studio."
    },
    {
      "ruleId": "require_owner_workflow_for_host_protected_surfaces",
      "runner": "habitat",
      "ownerProject": "habitat",
      "coverageKind": "workspace-gate",
      "reason": "Workspace-level Habitat gate relevant beyond a single owning project."
    },
    {
      "ruleId": "require_recipe_dag_contract_metadata",
      "runner": "habitat",
      "ownerProject": "mapgen-studio",
      "coverageKind": "project-owner",
      "reason": "Rule owner project matches mapgen-studio."
    },
    {
      "ruleId": "require_sanctioned_direct_control_session_owners",
      "runner": "grit",
      "ownerProject": "habitat",
      "coverageKind": "exact-path",
      "reason": "Path matches rule pathCoverage pattern apps/**/*.ts."
    },
    {
      "ruleId": "require_studio_ui_recipe_artifact_imports",
      "runner": "grit",
      "ownerProject": "mapgen-studio",
      "coverageKind": "exact-path",
      "reason": "Path matches rule pathCoverage pattern apps/mapgen-studio/src/**/*.ts."
    },
    {
      "ruleId": "structure-studio-run-workspace-topology",
      "runner": "habitat",
      "ownerProject": "mapgen-studio",
      "coverageKind": "project-owner",
      "reason": "Rule owner project matches mapgen-studio."
    }
  ],
  "runnableTargets": [
    {
      "command": "nx run mapgen-studio:check",
      "owner": "project",
      "project": "mapgen-studio",
      "target": "check",
      "source": {
        "kind": "nx-project-graph",
        "project": "mapgen-studio",
        "target": "check"
      }
    },
    {
      "command": "nx run mapgen-studio:test",
      "owner": "project",
      "project": "mapgen-studio",
      "target": "test",
      "source": {
        "kind": "nx-project-graph",
        "project": "mapgen-studio",
        "target": "test"
      }
    },
    {
      "command": "bun run lint",
      "owner": "workspace",
      "project": null,
      "target": "lint",
      "source": {
        "kind": "workspace-graph",
        "target": "lint",
        "reason": "aggregate target from workspace graph"
      }
    }
  ],
  "unavailableTargets": [],
  "recoveryInstructions": []
}

===== classify packages/studio-contract/src/runInGame.ts =====
$ bun tools/habitat/bin/dev.ts classify packages/studio-contract/src/runInGame.ts
{
  "schemaVersion": 1,
  "state": "project-path",
  "input": "packages/studio-contract/src/runInGame.ts",
  "path": "packages/studio-contract/src/runInGame.ts",
  "owner": {
    "project": "studio-contract",
    "projectRoot": "packages/studio-contract",
    "tags": [
      "npm:private",
      "kind:foundation"
    ]
  },
  "ruleRouting": [
    {
      "ruleId": "enforce_adapter_only_base_standard_imports",
      "runner": "grit",
      "ownerProject": "habitat",
      "coverageKind": "exact-path",
      "reason": "Path matches rule pathCoverage pattern packages/**/*.ts."
    },
    {
      "ruleId": "enforce_formatting_and_import_hygiene",
      "runner": "habitat",
      "ownerProject": "habitat",
      "coverageKind": "workspace-gate",
      "reason": "Workspace-level Habitat gate relevant beyond a single owning project."
    },
    {
      "ruleId": "enforce_workspace_import_boundaries",
      "runner": "nx",
      "ownerProject": "habitat",
      "coverageKind": "workspace-gate",
      "reason": "Workspace-level Habitat gate relevant beyond a single owning project."
    },
    {
      "ruleId": "grit-studio-run-cancel-command-owner",
      "runner": "grit",
      "ownerProject": "mapgen-studio",
      "coverageKind": "exact-path",
      "reason": "Path matches rule pathCoverage pattern packages/studio-contract/src/runInGame.ts."
    },
    {
      "ruleId": "grit-studio-run-launch-source-boundary",
      "runner": "grit",
      "ownerProject": "mapgen-studio",
      "coverageKind": "exact-path",
      "reason": "Path matches rule pathCoverage pattern packages/studio-contract/src/runInGame.ts."
    },
    {
      "ruleId": "grit-studio-run-public-contract-closed",
      "runner": "grit",
      "ownerProject": "mapgen-studio",
      "coverageKind": "exact-path",
      "reason": "Path matches rule pathCoverage pattern packages/studio-contract/src/runInGame.ts."
    },
    {
      "ruleId": "prohibit_pnpm_files_in_bun_workspace",
      "runner": "habitat",
      "ownerProject": "habitat",
      "coverageKind": "workspace-gate",
      "reason": "Workspace-level Habitat gate relevant beyond a single owning project."
    },
    {
      "ruleId": "require_owner_workflow_for_host_protected_surfaces",
      "runner": "habitat",
      "ownerProject": "habitat",
      "coverageKind": "workspace-gate",
      "reason": "Workspace-level Habitat gate relevant beyond a single owning project."
    },
    {
      "ruleId": "require_sanctioned_direct_control_session_owners",
      "runner": "grit",
      "ownerProject": "habitat",
      "coverageKind": "exact-path",
      "reason": "Path matches rule pathCoverage pattern packages/**/*.ts."
    }
  ],
  "runnableTargets": [
    {
      "command": "nx run studio-contract:check",
      "owner": "project",
      "project": "studio-contract",
      "target": "check",
      "source": {
        "kind": "nx-project-graph",
        "project": "studio-contract",
        "target": "check"
      }
    },
    {
      "command": "bun run lint",
      "owner": "workspace",
      "project": null,
      "target": "lint",
      "source": {
        "kind": "workspace-graph",
        "target": "lint",
        "reason": "aggregate target from workspace graph"
      }
    }
  ],
  "unavailableTargets": [
    {
      "owner": "project",
      "project": "studio-contract",
      "target": "test",
      "reason": "missing-nx-target"
    }
  ],
  "recoveryInstructions": []
}

===== classify .habitat/civ7/mapgen/studio/run-in-game/rules/grit-studio-run-generator-port-boundary =====
$ bun tools/habitat/bin/dev.ts classify ".habitat/civ7/mapgen/studio/run-in-game/rules/grit-studio-run-generator-port-boundary"
{
  "schemaVersion": 1,
  "state": "project-path",
  "input": ".habitat/civ7/mapgen/studio/run-in-game/rules/grit-studio-run-generator-port-boundary",
  "path": ".habitat/civ7/mapgen/studio/run-in-game/rules/grit-studio-run-generator-port-boundary",
  "owner": {
    "project": "habitat-authority",
    "projectRoot": ".habitat",
    "tags": [
      "kind:tooling"
    ]
  },
  "ruleRouting": [
    {
      "ruleId": "enforce_formatting_and_import_hygiene",
      "runner": "habitat",
      "ownerProject": "habitat",
      "coverageKind": "workspace-gate",
      "reason": "Workspace-level Habitat gate relevant beyond a single owning project."
    },
    {
      "ruleId": "enforce_workspace_import_boundaries",
      "runner": "nx",
      "ownerProject": "habitat",
      "coverageKind": "workspace-gate",
      "reason": "Workspace-level Habitat gate relevant beyond a single owning project."
    },
    {
      "ruleId": "prohibit_pnpm_files_in_bun_workspace",
      "runner": "habitat",
      "ownerProject": "habitat",
      "coverageKind": "workspace-gate",
      "reason": "Workspace-level Habitat gate relevant beyond a single owning project."
    },
    {
      "ruleId": "require_owner_workflow_for_host_protected_surfaces",
      "runner": "habitat",
      "ownerProject": "habitat",
      "coverageKind": "workspace-gate",
      "reason": "Workspace-level Habitat gate relevant beyond a single owning project."
    },
    {
      "ruleId": "structure-swooper-catalog-index-target-topology",
      "runner": "habitat",
      "ownerProject": "mod-swooper-maps",
      "coverageKind": "exact-path",
      "reason": "Path matches rule pathCoverage pattern .habitat/civ7/mapgen/studio/run-in-game/rules."
    }
  ],
  "runnableTargets": [
    {
      "command": "bun run lint",
      "owner": "workspace",
      "project": null,
      "target": "lint",
      "source": {
        "kind": "workspace-graph",
        "target": "lint",
        "reason": "aggregate target from workspace graph"
      }
    }
  ],
  "unavailableTargets": [
    {
      "owner": "project",
      "project": "habitat-authority",
      "target": "check",
      "reason": "missing-nx-target"
    },
    {
      "owner": "project",
      "project": "habitat-authority",
      "target": "test",
      "reason": "missing-nx-target"
    }
  ],
  "recoveryInstructions": []
}

===== classify mods/mod-swooper-maps/project.json =====
$ bun tools/habitat/bin/dev.ts classify mods/mod-swooper-maps/project.json
{
  "schemaVersion": 1,
  "state": "project-path",
  "input": "mods/mod-swooper-maps/project.json",
  "path": "mods/mod-swooper-maps/project.json",
  "owner": {
    "project": "mod-swooper-maps",
    "projectRoot": "mods/mod-swooper-maps",
    "tags": [
      "npm:private",
      "kind:mod"
    ]
  },
  "ruleRouting": [
    {
      "ruleId": "block_studio_config_leakage_into_shipped_catalog",
      "runner": "habitat",
      "ownerProject": "mod-swooper-maps",
      "coverageKind": "project-owner",
      "reason": "Rule owner project matches mod-swooper-maps."
    },
    {
      "ruleId": "enforce_formatting_and_import_hygiene",
      "runner": "habitat",
      "ownerProject": "habitat",
      "coverageKind": "workspace-gate",
      "reason": "Workspace-level Habitat gate relevant beyond a single owning project."
    },
    {
      "ruleId": "enforce_workspace_import_boundaries",
      "runner": "nx",
      "ownerProject": "habitat",
      "coverageKind": "workspace-gate",
      "reason": "Workspace-level Habitat gate relevant beyond a single owning project."
    },
    {
      "ruleId": "grit-swooper-run-manifest-generator-boundary",
      "runner": "grit",
      "ownerProject": "mod-swooper-maps",
      "coverageKind": "exact-path",
      "reason": "Path matches rule pathCoverage pattern mods/mod-swooper-maps/project.json."
    },
    {
      "ruleId": "prohibit_ecology_fudge_tokens",
      "runner": "grit",
      "ownerProject": "mod-swooper-maps",
      "coverageKind": "project-owner",
      "reason": "Rule owner project matches mod-swooper-maps."
    },
    {
      "ruleId": "prohibit_hydrology_placement_rng_and_chance_tokens",
      "runner": "grit",
      "ownerProject": "mod-swooper-maps",
      "coverageKind": "project-owner",
      "reason": "Rule owner project matches mod-swooper-maps."
    },
    {
      "ruleId": "prohibit_legacy_generator_call_surfaces",
      "runner": "grit",
      "ownerProject": "mod-swooper-maps",
      "coverageKind": "project-owner",
      "reason": "Rule owner project matches mod-swooper-maps."
    },
    {
      "ruleId": "prohibit_legacy_generator_module_surfaces",
      "runner": "grit",
      "ownerProject": "mod-swooper-maps",
      "coverageKind": "project-owner",
      "reason": "Rule owner project matches mod-swooper-maps."
    },
    {
      "ruleId": "prohibit_pnpm_files_in_bun_workspace",
      "runner": "habitat",
      "ownerProject": "habitat",
      "coverageKind": "workspace-gate",
      "reason": "Workspace-level Habitat gate relevant beyond a single owning project."
    },
    {
      "ruleId": "prohibit_scoped_ecology_runtime_tokens",
      "runner": "grit",
      "ownerProject": "mod-swooper-maps",
      "coverageKind": "project-owner",
      "reason": "Rule owner project matches mod-swooper-maps."
    },
    {
      "ruleId": "require_owner_workflow_for_host_protected_surfaces",
      "runner": "habitat",
      "ownerProject": "habitat",
      "coverageKind": "workspace-gate",
      "reason": "Workspace-level Habitat gate relevant beyond a single owning project."
    },
    {
      "ruleId": "structure-swooper-catalog-index-target-topology",
      "runner": "habitat",
      "ownerProject": "mod-swooper-maps",
      "coverageKind": "project-owner",
      "reason": "Rule owner project matches mod-swooper-maps."
    },
    {
      "ruleId": "structure-swooper-catalog-source-index",
      "runner": "habitat",
      "ownerProject": "mod-swooper-maps",
      "coverageKind": "project-owner",
      "reason": "Rule owner project matches mod-swooper-maps."
    },
    {
      "ruleId": "validate_ecology_op_contract_quality",
      "runner": "habitat",
      "ownerProject": "mod-swooper-maps",
      "coverageKind": "project-owner",
      "reason": "Rule owner project matches mod-swooper-maps."
    },
    {
      "ruleId": "validate_generated_map_entrypoint_contracts",
      "runner": "habitat",
      "ownerProject": "mod-swooper-maps",
      "coverageKind": "project-owner",
      "reason": "Rule owner project matches mod-swooper-maps."
    },
    {
      "ruleId": "verify_runtime_stage_order_matches_contract_manifest",
      "runner": "habitat",
      "ownerProject": "mod-swooper-maps",
      "coverageKind": "project-owner",
      "reason": "Rule owner project matches mod-swooper-maps."
    },
    {
      "ruleId": "verify_standard_recipe_artifacts_match_source_stages",
      "runner": "habitat",
      "ownerProject": "mod-swooper-maps",
      "coverageKind": "project-owner",
      "reason": "Rule owner project matches mod-swooper-maps."
    },
    {
      "ruleId": "verify_standard_recipe_public_authoring_surface",
      "runner": "habitat",
      "ownerProject": "mod-swooper-maps",
      "coverageKind": "project-owner",
      "reason": "Rule owner project matches mod-swooper-maps."
    },
    {
      "ruleId": "verify_visualization_runtime_build_artifacts",
      "runner": "habitat",
      "ownerProject": "mod-swooper-maps",
      "coverageKind": "project-owner",
      "reason": "Rule owner project matches mod-swooper-maps."
    }
  ],
  "runnableTargets": [
    {
      "command": "nx run mod-swooper-maps:check",
      "owner": "project",
      "project": "mod-swooper-maps",
      "target": "check",
      "source": {
        "kind": "nx-project-graph",
        "project": "mod-swooper-maps",
        "target": "check"
      }
    },
    {
      "command": "nx run mod-swooper-maps:test",
      "owner": "project",
      "project": "mod-swooper-maps",
      "target": "test",
      "source": {
        "kind": "nx-project-graph",
        "project": "mod-swooper-maps",
        "target": "test"
      }
    },
    {
      "command": "bun run lint",
      "owner": "workspace",
      "project": null,
      "target": "lint",
      "source": {
        "kind": "workspace-graph",
        "target": "lint",
        "reason": "aggregate target from workspace graph"
      }
    }
  ],
  "unavailableTargets": [],
  "recoveryInstructions": []
}
