$ bun tools/habitat/bin/dev.ts classify openspec/changes/studio-run-generator-integration
{
  "schemaVersion": 1,
  "state": "workspace-path",
  "input": "openspec/changes/studio-run-generator-integration",
  "path": "openspec/changes/studio-run-generator-integration",
  "workspaceOwner": "workspace",
  "ruleRouting": [
    {
      "ruleId": "enforce_formatting_and_import_hygiene",
      "runner": "habitat",
      "ownerProject": "habitat",
      "coverageKind": "workspace-gate",
      "reason": "Workspace-level Habitat gate relevant beyond a single owning project."
    },
    {
      "ruleId": "enforce_workspace_import_boundaries",
      "runner": "nx",
      "ownerProject": "habitat",
      "coverageKind": "workspace-gate",
      "reason": "Workspace-level Habitat gate relevant beyond a single owning project."
    },
    {
      "ruleId": "prohibit_pnpm_files_in_bun_workspace",
      "runner": "habitat",
      "ownerProject": "habitat",
      "coverageKind": "workspace-gate",
      "reason": "Workspace-level Habitat gate relevant beyond a single owning project."
    },
    {
      "ruleId": "require_owner_workflow_for_host_protected_surfaces",
      "runner": "habitat",
      "ownerProject": "habitat",
      "coverageKind": "workspace-gate",
      "reason": "Workspace-level Habitat gate relevant beyond a single owning project."
    }
  ],
  "runnableTargets": [
    {
      "command": "bun run lint",
      "owner": "workspace",
      "project": null,
      "target": "lint",
      "source": {
        "kind": "workspace-graph",
        "target": "lint",
        "reason": "aggregate target from workspace graph"
      }
    }
  ],
  "recoveryInstructions": []
}
