Packet 8 final ledger validation - 2026-07-08
$ bun run openspec -- validate swooper-run-manifest-generator --strict
$ openspec validate swooper-run-manifest-generator --strict
Change 'swooper-run-manifest-generator' is valid
$ bun run lint
$ nx run-many --targets=lint

 NX   Running target lint for 9 projects:

- plugin-files
- plugin-graph
- plugin-mods
- plugin-git
- mod-dacia
- mod-swooper-maps
- civ7-config
- civ7-cli
- civ7-sdk



> nx run civ7-config:lint  [existing outputs match the cache, left as is]

(node:15476) Warning: The 'NO_COLOR' env is ignored due to the 'FORCE_COLOR' env being set.
(Use `node --trace-warnings ...` to show where the warning was created)
[0m[2m[35m$[0m [2m[1mbiome check .[0m
Checked 6 files in 43ms. No fixes applied.

> nx run plugin-files:lint  [existing outputs match the cache, left as is]

(node:15477) Warning: The 'NO_COLOR' env is ignored due to the 'FORCE_COLOR' env being set.
(Use `node --trace-warnings ...` to show where the warning was created)
[0m[2m[35m$[0m [2m[1mbiome check .[0m
Checked 5 files in 68ms. No fixes applied.

> nx run civ7-sdk:lint  [existing outputs match the cache, left as is]

(node:40174) Warning: The 'NO_COLOR' env is ignored due to the 'FORCE_COLOR' env being set.
(Use `node --trace-warnings ...` to show where the warning was created)
[0m[2m[35m$[0m [2m[1mbiome check .[0m
Checked 173 files in 91ms. No fixes applied.

> nx run plugin-git:lint  [existing outputs match the cache, left as is]

(node:15728) Warning: The 'NO_COLOR' env is ignored due to the 'FORCE_COLOR' env being set.
(Use `node --trace-warnings ...` to show where the warning was created)
[0m[2m[35m$[0m [2m[1mbiome check .[0m
Checked 5 files in 36ms. No fixes applied.

> nx run plugin-mods:lint  [existing outputs match the cache, left as is]

(node:15729) Warning: The 'NO_COLOR' env is ignored due to the 'FORCE_COLOR' env being set.
(Use `node --trace-warnings ...` to show where the warning was created)
[0m[2m[35m$[0m [2m[1mbiome check .[0m
Checked 5 files in 30ms. No fixes applied.

> nx run mod-swooper-maps:lint  [existing outputs match the cache, left as is]

(node:79678) Warning: The 'NO_COLOR' env is ignored due to the 'FORCE_COLOR' env being set.
(Use `node --trace-warnings ...` to show where the warning was created)
[0m[2m[35m$[0m [2m[1mbiome check .[0m
Checked 1145 files in 241ms. No fixes applied.

> nx run plugin-graph:lint  [existing outputs match the cache, left as is]

(node:15884) Warning: The 'NO_COLOR' env is ignored due to the 'FORCE_COLOR' env being set.
(Use `node --trace-warnings ...` to show where the warning was created)
[0m[2m[35m$[0m [2m[1mbiome check .[0m
Checked 19 files in 22ms. No fixes applied.

> nx run civ7-cli:lint  [existing outputs match the cache, left as is]

(node:15885) Warning: The 'NO_COLOR' env is ignored due to the 'FORCE_COLOR' env being set.
(Use `node --trace-warnings ...` to show where the warning was created)
[0m[2m[35m$[0m [2m[1mbiome check .[0m
Checked 162 files in 80ms. No fixes applied.

> nx run mod-dacia:lint  [existing outputs match the cache, left as is]

(node:40176) Warning: The 'NO_COLOR' env is ignored due to the 'FORCE_COLOR' env being set.
(Use `node --trace-warnings ...` to show where the warning was created)
[0m[2m[35m$[0m [2m[1mbiome check .[0m
Checked 22 files in 47ms. No fixes applied.



 NX   Successfully ran target lint for 9 projects

Nx read the output from the cache instead of running the command for 9 out of 9 tasks.

$ git diff --check
